1765298421 60.171277 24.941180 136.838
1765298428 60.171208 24.941241 127.641
1765299919 60.169137 24.942859 64.442
1765299927 60.169153 24.942877 64.158
1765299934 60.169110 24.942884 54.800
1765299941 60.169104 24.942885 63.134
1765299949 60.169126 24.942886 79.013
1765299956 60.169123 24.942875 71.764
1765299963 60.169120 24.942872 64.975
1765299970 60.169128 24.942874 81.314
1765299977 60.169116 24.942888 88.712
1765299985 60.169097 24.942890 55.580
1765299992 60.169095 24.942889 58.361
1765299999 60.169100 24.942875 70.861
1765300006 60.169101 24.942872 68.466
1765300013 60.169097 24.942827 75.594
1765300021 60.169101 24.942823 72.489
1765300028 60.169110 24.942834 72.517
1765300035 60.169098 24.942832 80.929
1765300042 60.169095 24.942831 82.939
1765300049 60.169081 24.942865 66.622
1765300057 60.169104 24.942911 84.426
1765300064 60.169110 24.942916 55.879
1765300071 60.169077 24.942940 71.807
1765300078 60.169070 24.942944 73.694
1765300085 60.169088 24.942917 74.966
1765300092 60.169076 24.942937 82.387
1765300100 60.169088 24.942919 73.651
1765300107 60.169076 24.942938 60.175
1765300114 60.169068 24.942943 65.060
1765300121 60.169087 24.942917 68.351
1765300128 60.169113 24.942925 68.204
1765300135 60.169116 24.942930 81.173
1765300143 60.169148 24.942872 82.677
1765300150 60.169140 24.942864 69.195
1765300157 60.169140 24.942869 60.514
1765300164 60.169130 24.942866 70.337
1765300171 60.169111 24.942875 64.562
1765300179 60.169108 24.942877 80.080
1765300186 60.169110 24.942877 58.603
1765300193 60.169123 24.942880 61.584
1765300200 60.169111 24.942929 84.566
1765300207 60.169107 24.942938 77.507
1765300214 60.169088 24.942923 70.629
1765300222 60.169105 24.942932 67.979
1765300229 60.169088 24.942931 60.469
1765300236 60.169085 24.942931 79.621
1765300243 60.169131 24.942885 85.581
1765300250 60.169140 24.942876 74.570
1765300258 60.169123 24.942868 60.187
1765300265 60.169137 24.942865 77.254
1765300272 60.169141 24.942866 63.643
1765300279 60.169114 24.942895 70.847
1765300286 60.169109 24.942900 65.385
1765300293 60.169091 24.942886 74.716
1765300301 60.169088 24.942883 75.932
1765300308 60.169087 24.942944 72.743
1765300315 60.169104 24.942954 62.341
1765300322 60.169112 24.942927 61.305
1765300329 60.169074 24.942959 71.772
1765300336 60.169063 24.942967 68.957
1765300343 60.169068 24.942946 71.078
1765300351 60.169087 24.942953 73.278
1765300358 60.169085 24.942985 62.331
1765300365 60.169086 24.942979 71.456
1765300372 60.169087 24.942975 74.371
1765300379 60.169110 24.942916 91.762
1765300386 60.169114 24.942905 79.549
1765300394 60.169113 24.942909 68.959
1765300401 60.169112 24.942911 62.670
1765300408 60.169112 24.942911 66.010
1765300415 60.169113 24.942910 74.921
1765300422 60.169109 24.942927 60.678
1765300430 60.169091 24.942920 78.736
1765300437 60.169088 24.942892 75.080
1765300444 60.169106 24.942935 56.861
1765300451 60.169108 24.942935 74.250
1765300458 60.169124 24.942905 62.025
1765300465 60.169112 24.942948 77.652
1765300473 60.169108 24.942959 62.459
1765300480 60.169109 24.942956 57.873
1765300487 60.169105 24.942972 54.102
1765300494 60.169104 24.942938 52.861
1765300501 60.169104 24.942931 55.997
1765300509 60.169133 24.942882 63.442
1765300516 60.169127 24.942876 64.056
1765300523 60.169140 24.942871 60.224
1765300530 60.169144 24.942870 60.220
1765300537 60.169143 24.942870 66.802
1765300544 60.169126 24.942897 70.581
1765300552 60.169113 24.942904 79.229
1765300559 60.169112 24.942902 62.262
1765300566 60.169113 24.942902 72.875
1765300573 60.169113 24.942902 68.322
1765300580 60.169107 24.942903 72.758
1765300588 60.169095 24.942904 62.729
1765300595 60.169093 24.942904 65.424
1765300602 60.169084 24.942928 68.497
1765300609 60.169096 24.942906 60.706
1765300616 60.169106 24.942900 71.068
1765300624 60.169107 24.942901 76.444
1765300631 60.169106 24.942902 63.839
1765300638 60.169113 24.942903 54.591
1765300645 60.169114 24.942903 61.681
1765300652 60.169114 24.942903 61.073
1765300660 60.169114 24.942903 71.296
1765300667 60.169113 24.942918 64.329
1765300674 60.169113 24.942920 68.013
1765300681 60.169097 24.942878 63.078
1765300688 60.169079 24.942897 62.553
1765300696 60.169087 24.942906 70.459
1765300703 60.169091 24.942905 68.462
1765300710 60.169091 24.942904 69.641
1765300717 60.169094 24.942883 75.517
1765300724 60.169095 24.942879 72.487
1765300732 60.169095 24.942880 82.104
1765300739 60.169095 24.942881 74.302
1765300746 60.169106 24.942892 62.560
1765300753 60.169097 24.942883 76.863
1765300760 60.169090 24.942922 61.675
1765300767 60.169075 24.942956 72.901
1765300775 60.169105 24.942943 66.477
1765300782 60.169091 24.942971 73.832
1765300789 60.169085 24.942978 68.135
1765300796 60.169107 24.942963 77.593
1765300804 60.169093 24.942938 71.978
1765300811 60.169090 24.942915 70.504
1765300818 60.169091 24.942914 69.902
1765300825 60.169091 24.942917 70.848
1765300832 60.169091 24.942917 68.572
1765300839 60.169111 24.942929 71.380
1765300847 60.169115 24.942931 59.560
1765300854 60.169114 24.942930 72.392
1765300861 60.169121 24.942878 73.475
1765300868 60.169129 24.942870 73.186
1765300875 60.169130 24.942874 65.124
1765300882 60.169115 24.942883 74.583
1765300890 60.169112 24.942884 58.147
1765300897 60.169105 24.942883 71.989
1765300904 60.169103 24.942883 66.358
1765300911 60.169104 24.942883 78.040
1765300918 60.169105 24.942889 65.883
1765300926 60.169105 24.942890 82.180
1765300933 60.169109 24.942887 74.471
1765300940 60.169099 24.942888 62.266
1765300947 60.169097 24.942889 75.457
1765300954 60.169106 24.942889 65.470
1765300961 60.169108 24.942889 68.285
1765300969 60.169118 24.942887 57.986
1765300976 60.169094 24.942905 67.320
1765300983 60.169089 24.942909 67.827
1765300990 60.169105 24.942893 83.139
1765300997 60.169092 24.942917 58.762
1765301005 60.169104 24.942970 77.216
1765301012 60.169110 24.942936 64.641
1765301019 60.169113 24.942938 66.751
1765301026 60.169113 24.942942 54.812
1765301033 60.169113 24.942943 65.155
1765301040 60.169142 24.942891 65.790
1765301048 60.169135 24.942884 70.982
1765301055 60.169129 24.942875 69.259
1765301062 60.169117 24.942912 81.476
1765301069 60.169093 24.942956 58.406
1765301077 60.169095 24.942961 57.224
1765301084 60.169098 24.942958 77.478
